Using pre-set license
Built from '2020.3/staging' branch; Version is '2020.3.16f1 (049d6eca3c44) revision 302446'; Using compiler version '192528614'; Build Type 'Release'
OS: 'Windows 10 Enterprise; OS build 19042.1165; Version 2009; 64bit' Language: 'en' Physical Memory: 16187 MB
BatchMode: 1, IsHumanControllingUs: 0, StartBugReporterOnCrash: 0, Is64bit: 1, IsPro: 0

 COMMAND LINE ARGUMENTS:
C:\Program Files\Unity\Hub\Editor\2020.3.16f1\Editor\Unity.exe
-adb2
-batchMode
-noUpm
-name
AssetImportWorker0
-projectPath
C:/Users/Administrator/Documents/GitHub/delivery-dash/Delivery Dash
-logFile
Logs/AssetImportWorker0.log
-srvPort
63712
Successfully changed project path to: C:/Users/Administrator/Documents/GitHub/delivery-dash/Delivery Dash
C:/Users/Administrator/Documents/GitHub/delivery-dash/Delivery Dash
Using Asset Import Pipeline V2.
Unable to join player connection multicast group.

Refreshing native plugins compatible for Editor in 26.67 ms, found 2 plugins.
Preloading 0 native plugins for Editor in 0.00 ms.
Initialize engine version: 2020.3.16f1 (049d6eca3c44)
[Subsystems] Discovering subsystems at path C:/Program Files/Unity/Hub/Editor/2020.3.16f1/Editor/Data/Resources/UnitySubsystems
[Subsystems] Discovering subsystems at path C:/Users/Administrator/Documents/GitHub/delivery-dash/Delivery Dash/Assets
GfxDevice: creating device client; threaded=0
Direct3D:
    Version:  Direct3D 11.0 [level 11.1]
    Renderer: NVIDIA GeForce GTX 1050 (ID=0x1c8d)
    Vendor:   
    VRAM:     4019 MB
    Driver:   27.21.14.5167
Initialize mono
Mono path[0] = 'C:/Program Files/Unity/Hub/Editor/2020.3.16f1/Editor/Data/Managed'
Mono path[1] = 'C:/Program Files/Unity/Hub/Editor/2020.3.16f1/Editor/Data/MonoBleedingEdge/lib/mono/unityjit'
Mono config path = 'C:/Program Files/Unity/Hub/Editor/2020.3.16f1/Editor/Data/MonoBleedingEdge/etc'
Using monoOptions --debugger-agent=transport=dt_socket,embedding=1,server=y,suspend=n,address=127.0.0.1:56364
Begin MonoManager ReloadAssembly
Registering precompiled unity dll's ...
Register platform support module: C:/Program Files/Unity/Hub/Editor/2020.3.16f1/Editor/Data/PlaybackEngines/WebGLSupport/UnityEditor.WebGL.Extensions.dll
Register platform support module: C:/Program Files/Unity/Hub/Editor/2020.3.16f1/Editor/Data/PlaybackEngines/WindowsStandaloneSupport/UnityEditor.WindowsStandalone.Extensions.dll
Registered in 0.002116 seconds.
Native extension for WindowsStandalone target not found
Native extension for WebGL target not found
Refreshing native plugins compatible for Editor in 27.12 ms, found 2 plugins.
Preloading 0 native plugins for Editor in 0.00 ms.
Mono: successfully reloaded assembly
- Completed reload, in  1.103 seconds
Domain Reload Profiling:
	ReloadAssembly (1104ms)
		BeginReloadAssembly (51ms)
			ExecutionOrderSort (0ms)
			DisableScriptedObjects (0ms)
			BackupInstance (0ms)
			ReleaseScriptingObjects (0ms)
			CreateAndSetChildDomain (1ms)
		EndReloadAssembly (368ms)
			LoadAssemblies (49ms)
			RebuildTransferFunctionScriptingTraits (0ms)
			SetupTypeCache (131ms)
			ReleaseScriptCaches (0ms)
			RebuildScriptCaches (29ms)
			SetupLoadedEditorAssemblies (147ms)
				LogAssemblyErrors (0ms)
				InitializePlatformSupportModulesInManaged (4ms)
				SetLoadedEditorAssemblies (0ms)
				RefreshPlugins (27ms)
				BeforeProcessingInitializeOnLoad (8ms)
				ProcessInitializeOnLoadAttributes (72ms)
				ProcessInitializeOnLoadMethodAttributes (35ms)
				AfterProcessingInitializeOnLoad (0ms)
				EditorAssembliesLoaded (0ms)
			ExecutionOrderSort2 (0ms)
			AwakeInstancesAfterBackupRestoration (0ms)
Platform modules already initialized, skipping
Registering precompiled user dll's ...
Registered in 0.003828 seconds.
Begin MonoManager ReloadAssembly
Native extension for WindowsStandalone target not found
Native extension for WebGL target not found
Refreshing native plugins compatible for Editor in 0.36 ms, found 2 plugins.
Preloading 0 native plugins for Editor in 0.00 ms.
Mono: successfully reloaded assembly
- Completed reload, in  0.958 seconds
Domain Reload Profiling:
	ReloadAssembly (959ms)
		BeginReloadAssembly (133ms)
			ExecutionOrderSort (0ms)
			DisableScriptedObjects (4ms)
			BackupInstance (0ms)
			ReleaseScriptingObjects (0ms)
			CreateAndSetChildDomain (17ms)
		EndReloadAssembly (771ms)
			LoadAssemblies (79ms)
			RebuildTransferFunctionScriptingTraits (0ms)
			SetupTypeCache (238ms)
			ReleaseScriptCaches (0ms)
			RebuildScriptCaches (41ms)
			SetupLoadedEditorAssemblies (336ms)
				LogAssemblyErrors (0ms)
				InitializePlatformSupportModulesInManaged (6ms)
				SetLoadedEditorAssemblies (0ms)
				RefreshPlugins (0ms)
				BeforeProcessingInitializeOnLoad (49ms)
				ProcessInitializeOnLoadAttributes (271ms)
				ProcessInitializeOnLoadMethodAttributes (3ms)
				AfterProcessingInitializeOnLoad (5ms)
				EditorAssembliesLoaded (0ms)
			ExecutionOrderSort2 (0ms)
			AwakeInstancesAfterBackupRestoration (6ms)
Platform modules already initialized, skipping
========================================================================
Worker process is ready to serve import requests
Launched and connected shader compiler UnityShaderCompiler.exe after 0.07 seconds
Refreshing native plugins compatible for Editor in 0.30 ms, found 2 plugins.
Preloading 0 native plugins for Editor in 0.00 ms.
Unloading 1553 Unused Serialized files (Serialized files now loaded: 0)
System memory in use before: 70.1 MB.
System memory in use after: 70.2 MB.

Unloading 19 unused Assets to reduce memory usage. Loaded Objects now: 1986.
Total: 2.829000 ms (FindLiveObjects: 0.148600 ms CreateObjectMapping: 0.039700 ms MarkObjects: 2.576000 ms  DeleteObjects: 0.063600 ms)

AssetImportParameters requested are different than current active one (requested -> active):
  custom:framework-win-MediaFoundation: 216162199b28c13a410421893ffa2e32 -> 
  custom:video-decoder-ogg-theora: a1e56fd34408186e4bbccfd4996cb3dc -> 
  custom:container-muxer-webm: aa71ff27fc2769a1b78a27578f13a17b -> 
  custom:container-demuxer-webm: 4f35f7cbe854078d1ac9338744f61a02 -> 
  custom:container-demuxer-ogg: 62fdf1f143b41e24485cea50d1cbac27 -> 
  custom:video-encoder-webm-vp8: eb34c28f22e8b96e1ab97ce403110664 -> 
  custom:video-decoder-webm-vp8: 9c59270c3fd7afecdb556c50c9e8de78 -> 
  custom:audio-decoder-ogg-vorbis: bf7c407c2cedff20999df2af8eb42d56 -> 
  custom:audio-encoder-webm-vorbis: bf7c407c2cedff20999df2af8eb42d56 -> 
========================================================================
Received Import Request.
  path: Assets/Scenes
  artifactKey: Guid(1a8a34dc28d792f4499b027ee8e174d0) Importer(815301076,1909f56bfc062723c751e8b465ee728b)
Start importing Assets/Scenes using Guid(1a8a34dc28d792f4499b027ee8e174d0) Importer(815301076,1909f56bfc062723c751e8b465ee728b)  -> (artifact id: 'fe4aa89d5a7478f2ce04075aedb3dac6') in 0.008065 seconds 
  Import took 0.010259 seconds .

========================================================================
Received Import Request.
  Time since last request: 0.000542 seconds.
  path: Assets/Scenes/SampleScene.unity
  artifactKey: Guid(9fc0d4010bbf28b4594072e72b8655ab) Importer(815301076,1909f56bfc062723c751e8b465ee728b)
Start importing Assets/Scenes/SampleScene.unity using Guid(9fc0d4010bbf28b4594072e72b8655ab) Importer(815301076,1909f56bfc062723c751e8b465ee728b)  -> (artifact id: 'a9ffb4cceb287c87dc9ada0d51aa99f8') in 0.014207 seconds 
  Import took 0.016265 seconds .

========================================================================
Received Import Request.
  Time since last request: 10.920773 seconds.
  path: Assets/Prefabs/Buildings
  artifactKey: Guid(dd3009b50a981434fb5cf03044362348) Importer(815301076,1909f56bfc062723c751e8b465ee728b)
Start importing Assets/Prefabs/Buildings using Guid(dd3009b50a981434fb5cf03044362348) Importer(815301076,1909f56bfc062723c751e8b465ee728b)  -> (artifact id: '8dc415a467ba82c35aa806adad34667d') in 0.005021 seconds 
  Import took 0.007124 seconds .

========================================================================
Received Import Request.
  Time since last request: 0.001032 seconds.
  path: Assets/Prefabs/Buildings
  artifactKey: Guid(dd3009b50a981434fb5cf03044362348) Importer(815301076,1909f56bfc062723c751e8b465ee728b)
Start importing Assets/Prefabs/Buildings using Guid(dd3009b50a981434fb5cf03044362348) Importer(815301076,1909f56bfc062723c751e8b465ee728b)  -> (artifact id: '8dc415a467ba82c35aa806adad34667d') in 0.002155 seconds 
  Import took 0.004388 seconds .

========================================================================
Received Import Request.
  Time since last request: 0.046454 seconds.
  path: Assets/Prefabs/Buildings/house_type15.prefab
  artifactKey: Guid(ed1937e63be2a454eb81096660c0fe88) Importer(815301076,1909f56bfc062723c751e8b465ee728b)
Start importing Assets/Prefabs/Buildings/house_type15.prefab using Guid(ed1937e63be2a454eb81096660c0fe88) Importer(815301076,1909f56bfc062723c751e8b465ee728b)  -> (artifact id: '02734006607bc107ededc153f8a3d59b') in 0.245687 seconds 
  Import took 0.247876 seconds .

========================================================================
Received Import Request.
  Time since last request: 0.000589 seconds.
  path: Assets/Prefabs/Buildings/large_buildingC.prefab
  artifactKey: Guid(c921dd6899d539c4cac029389f8c9b51) Importer(815301076,1909f56bfc062723c751e8b465ee728b)
Start importing Assets/Prefabs/Buildings/large_buildingC.prefab using Guid(c921dd6899d539c4cac029389f8c9b51) Importer(815301076,1909f56bfc062723c751e8b465ee728b)  -> (artifact id: 'c2323f79ad835cfffb717008ed2d6b3b') in 0.011727 seconds 
  Import took 0.014033 seconds .

========================================================================
Received Import Request.
  Time since last request: 0.000520 seconds.
  path: Assets/Prefabs/Buildings/large_buildingF.prefab
  artifactKey: Guid(04cddde5b9e52334f8a04a8505132913) Importer(815301076,1909f56bfc062723c751e8b465ee728b)
Start importing Assets/Prefabs/Buildings/large_buildingF.prefab using Guid(04cddde5b9e52334f8a04a8505132913) Importer(815301076,1909f56bfc062723c751e8b465ee728b)  -> (artifact id: 'b39c6418d6793ec798a89859a5b318cf') in 0.011149 seconds 
  Import took 0.013719 seconds .

========================================================================
Received Import Request.
  Time since last request: 0.000550 seconds.
  path: Assets/Prefabs/Buildings/large_buildingA.prefab
  artifactKey: Guid(00cc56956df847e429e8b81407a4aa84) Importer(815301076,1909f56bfc062723c751e8b465ee728b)
Start importing Assets/Prefabs/Buildings/large_buildingA.prefab using Guid(00cc56956df847e429e8b81407a4aa84) Importer(815301076,1909f56bfc062723c751e8b465ee728b)  -> (artifact id: '3f7e230aa4711d6f790de3266673df7b') in 0.013740 seconds 
  Import took 0.016103 seconds .

========================================================================
Received Import Request.
  Time since last request: 0.000445 seconds.
  path: Assets/Prefabs/Buildings/large_buildingG.prefab
  artifactKey: Guid(b8f22ee6dc656c84a9dcc994f54abda7) Importer(815301076,1909f56bfc062723c751e8b465ee728b)
Start importing Assets/Prefabs/Buildings/large_buildingG.prefab using Guid(b8f22ee6dc656c84a9dcc994f54abda7) Importer(815301076,1909f56bfc062723c751e8b465ee728b)  -> (artifact id: '98165065a8d7c61bb367a2896cf81d63') in 0.011444 seconds 
  Import took 0.013731 seconds .

========================================================================
Received Import Request.
  Time since last request: 0.000595 seconds.
  path: Assets/Prefabs/Buildings/large_buildingD.prefab
  artifactKey: Guid(1738e0f725f3bba489196884990e9810) Importer(815301076,1909f56bfc062723c751e8b465ee728b)
Start importing Assets/Prefabs/Buildings/large_buildingD.prefab using Guid(1738e0f725f3bba489196884990e9810) Importer(815301076,1909f56bfc062723c751e8b465ee728b)  -> (artifact id: '7444e80dabf897e4947b437bbbb0b0ac') in 0.011766 seconds 
  Import took 0.014072 seconds .

========================================================================
Received Import Request.
  Time since last request: 0.000385 seconds.
  path: Assets/Prefabs/Buildings/house_type19.prefab
  artifactKey: Guid(438db51935467e84aafa8125289f707c) Importer(815301076,1909f56bfc062723c751e8b465ee728b)
Start importing Assets/Prefabs/Buildings/house_type19.prefab using Guid(438db51935467e84aafa8125289f707c) Importer(815301076,1909f56bfc062723c751e8b465ee728b)  -> (artifact id: 'a2211b5c97f1344d673f6b58a5aa3edf') in 0.013571 seconds 
  Import took 0.015949 seconds .

========================================================================
Received Import Request.
  Time since last request: 0.000521 seconds.
  path: Assets/Prefabs/Buildings/large_buildingB.prefab
  artifactKey: Guid(36287d18ef2e6ef4fb3e2b8f0c6aa1c2) Importer(815301076,1909f56bfc062723c751e8b465ee728b)
Start importing Assets/Prefabs/Buildings/large_buildingB.prefab using Guid(36287d18ef2e6ef4fb3e2b8f0c6aa1c2) Importer(815301076,1909f56bfc062723c751e8b465ee728b)  -> (artifact id: 'e40e162de7893f08d025c841efbbc11b') in 0.011143 seconds 
  Import took 0.013823 seconds .

========================================================================
Received Import Request.
  Time since last request: 0.000402 seconds.
  path: Assets/Prefabs/Buildings/large_buildingE.prefab
  artifactKey: Guid(72d4748e4682e3a4dbb0772d32badb25) Importer(815301076,1909f56bfc062723c751e8b465ee728b)
Start importing Assets/Prefabs/Buildings/large_buildingE.prefab using Guid(72d4748e4682e3a4dbb0772d32badb25) Importer(815301076,1909f56bfc062723c751e8b465ee728b)  -> (artifact id: '49a508c9594bc0f9adb634957eef4d7e') in 0.012175 seconds 
  Import took 0.015083 seconds .

========================================================================
Received Import Request.
  Time since last request: 0.000584 seconds.
  path: Assets/Prefabs/Buildings/large_buildingB.prefab
  artifactKey: Guid(36287d18ef2e6ef4fb3e2b8f0c6aa1c2) Importer(815301076,1909f56bfc062723c751e8b465ee728b)
Start importing Assets/Prefabs/Buildings/large_buildingB.prefab using Guid(36287d18ef2e6ef4fb3e2b8f0c6aa1c2) Importer(815301076,1909f56bfc062723c751e8b465ee728b)  -> (artifact id: 'e40e162de7893f08d025c841efbbc11b') in 0.006947 seconds 
  Import took 0.009711 seconds .

========================================================================
Received Import Request.
  Time since last request: 0.000471 seconds.
  path: Assets/Prefabs/Buildings/large_buildingE.prefab
  artifactKey: Guid(72d4748e4682e3a4dbb0772d32badb25) Importer(815301076,1909f56bfc062723c751e8b465ee728b)
Start importing Assets/Prefabs/Buildings/large_buildingE.prefab using Guid(72d4748e4682e3a4dbb0772d32badb25) Importer(815301076,1909f56bfc062723c751e8b465ee728b)  -> (artifact id: '49a508c9594bc0f9adb634957eef4d7e') in 0.007627 seconds 
  Import took 0.010110 seconds .

========================================================================
Received Import Request.
  Time since last request: 16.342713 seconds.
  path: Assets/Prefabs/Buildings/Building_A.prefab
  artifactKey: Guid(00cc56956df847e429e8b81407a4aa84) Importer(815301076,1909f56bfc062723c751e8b465ee728b)
Start importing Assets/Prefabs/Buildings/Building_A.prefab using Guid(00cc56956df847e429e8b81407a4aa84) Importer(815301076,1909f56bfc062723c751e8b465ee728b)  -> (artifact id: 'a04321028bcf4224f4c33ae91dd28686') in 0.019492 seconds 
  Import took 0.021971 seconds .

========================================================================
Received Import Request.
  Time since last request: 11.832311 seconds.
  path: Assets/Prefabs/Buildings/Building_B.prefab
  artifactKey: Guid(36287d18ef2e6ef4fb3e2b8f0c6aa1c2) Importer(815301076,1909f56bfc062723c751e8b465ee728b)
Start importing Assets/Prefabs/Buildings/Building_B.prefab using Guid(36287d18ef2e6ef4fb3e2b8f0c6aa1c2) Importer(815301076,1909f56bfc062723c751e8b465ee728b)  -> (artifact id: 'a012353f8136cdc437dedb11a2f0b702') in 0.016512 seconds 
  Import took 0.019186 seconds .

========================================================================
Received Import Request.
  Time since last request: 9.737173 seconds.
  path: Assets/Prefabs/Buildings/Building_C.prefab
  artifactKey: Guid(c921dd6899d539c4cac029389f8c9b51) Importer(815301076,1909f56bfc062723c751e8b465ee728b)
Start importing Assets/Prefabs/Buildings/Building_C.prefab using Guid(c921dd6899d539c4cac029389f8c9b51) Importer(815301076,1909f56bfc062723c751e8b465ee728b)  -> (artifact id: 'c51292c9c93b554af991fdbd95ef32a0') in 0.017260 seconds 
  Import took 0.019557 seconds .

========================================================================
Received Import Request.
  Time since last request: 9.558229 seconds.
  path: Assets/Prefabs/Buildings/Building_D.prefab
  artifactKey: Guid(1738e0f725f3bba489196884990e9810) Importer(815301076,1909f56bfc062723c751e8b465ee728b)
Start importing Assets/Prefabs/Buildings/Building_D.prefab using Guid(1738e0f725f3bba489196884990e9810) Importer(815301076,1909f56bfc062723c751e8b465ee728b)  -> (artifact id: '15c551db48591af2252e4fffad1e9b70') in 0.011302 seconds 
  Import took 0.013716 seconds .

========================================================================
Received Import Request.
  Time since last request: 0.003467 seconds.
  path: Assets/Prefabs/Buildings/Building_D.prefab
  artifactKey: Guid(1738e0f725f3bba489196884990e9810) Importer(815301076,1909f56bfc062723c751e8b465ee728b)
Start importing Assets/Prefabs/Buildings/Building_D.prefab using Guid(1738e0f725f3bba489196884990e9810) Importer(815301076,1909f56bfc062723c751e8b465ee728b)  -> (artifact id: '15c551db48591af2252e4fffad1e9b70') in 0.007425 seconds 
  Import took 0.010043 seconds .

========================================================================
Received Import Request.
  Time since last request: 10.046955 seconds.
  path: Assets/Prefabs/Buildings/Building_E.prefab
  artifactKey: Guid(72d4748e4682e3a4dbb0772d32badb25) Importer(815301076,1909f56bfc062723c751e8b465ee728b)
Start importing Assets/Prefabs/Buildings/Building_E.prefab using Guid(72d4748e4682e3a4dbb0772d32badb25) Importer(815301076,1909f56bfc062723c751e8b465ee728b)  -> (artifact id: '0865607e5eac456615181f000c8b11f2') in 0.017360 seconds 
  Import took 0.019812 seconds .

========================================================================
Received Import Request.
  Time since last request: 9.663366 seconds.
  path: Assets/Prefabs/Buildings/Building_F.prefab
  artifactKey: Guid(04cddde5b9e52334f8a04a8505132913) Importer(815301076,1909f56bfc062723c751e8b465ee728b)
Start importing Assets/Prefabs/Buildings/Building_F.prefab using Guid(04cddde5b9e52334f8a04a8505132913) Importer(815301076,1909f56bfc062723c751e8b465ee728b)  -> (artifact id: '7f89e5afa6118731c4192896602da74f') in 0.017188 seconds 
  Import took 0.019597 seconds .

========================================================================
Received Import Request.
  Time since last request: 9.604791 seconds.
  path: Assets/Prefabs/Buildings/Building_G.prefab
  artifactKey: Guid(b8f22ee6dc656c84a9dcc994f54abda7) Importer(815301076,1909f56bfc062723c751e8b465ee728b)
Start importing Assets/Prefabs/Buildings/Building_G.prefab using Guid(b8f22ee6dc656c84a9dcc994f54abda7) Importer(815301076,1909f56bfc062723c751e8b465ee728b)  -> (artifact id: '27fe243b95756b1a8b393744e10b0748') in 0.016834 seconds 
  Import took 0.019539 seconds .

========================================================================
Received Import Request.
  Time since last request: 16.218642 seconds.
  path: Assets/Prefabs/Buildings/House_15.prefab
  artifactKey: Guid(ed1937e63be2a454eb81096660c0fe88) Importer(815301076,1909f56bfc062723c751e8b465ee728b)
Start importing Assets/Prefabs/Buildings/House_15.prefab using Guid(ed1937e63be2a454eb81096660c0fe88) Importer(815301076,1909f56bfc062723c751e8b465ee728b)  -> (artifact id: '57947c8e28432e041c97d5f179871afe') in 0.011865 seconds 
  Import took 0.014389 seconds .

========================================================================
Received Import Request.
  Time since last request: 0.004547 seconds.
  path: Assets/Prefabs/Buildings/House_15.prefab
  artifactKey: Guid(ed1937e63be2a454eb81096660c0fe88) Importer(815301076,1909f56bfc062723c751e8b465ee728b)
Start importing Assets/Prefabs/Buildings/House_15.prefab using Guid(ed1937e63be2a454eb81096660c0fe88) Importer(815301076,1909f56bfc062723c751e8b465ee728b)  -> (artifact id: '57947c8e28432e041c97d5f179871afe') in 0.008185 seconds 
  Import took 0.010912 seconds .

========================================================================
Received Import Request.
  Time since last request: 9.685370 seconds.
  path: Assets/Prefabs/Buildings/House_19.prefab
  artifactKey: Guid(438db51935467e84aafa8125289f707c) Importer(815301076,1909f56bfc062723c751e8b465ee728b)
Start importing Assets/Prefabs/Buildings/House_19.prefab using Guid(438db51935467e84aafa8125289f707c) Importer(815301076,1909f56bfc062723c751e8b465ee728b)  -> (artifact id: '519073e0923aaceaca942ba32c378607') in 0.017021 seconds 
  Import took 0.019618 seconds .

========================================================================
Received Prepare
Registering precompiled user dll's ...
Registered in 0.003488 seconds.
Begin MonoManager ReloadAssembly
Native extension for WindowsStandalone target not found
Native extension for WebGL target not found
Refreshing native plugins compatible for Editor in 0.28 ms, found 2 plugins.
Preloading 0 native plugins for Editor in 0.00 ms.
Mono: successfully reloaded assembly
- Completed reload, in  0.901 seconds
Domain Reload Profiling:
	ReloadAssembly (902ms)
		BeginReloadAssembly (102ms)
			ExecutionOrderSort (0ms)
			DisableScriptedObjects (4ms)
			BackupInstance (0ms)
			ReleaseScriptingObjects (0ms)
			CreateAndSetChildDomain (29ms)
		EndReloadAssembly (746ms)
			LoadAssemblies (77ms)
			RebuildTransferFunctionScriptingTraits (0ms)
			SetupTypeCache (249ms)
			ReleaseScriptCaches (1ms)
			RebuildScriptCaches (39ms)
			SetupLoadedEditorAssemblies (300ms)
				LogAssemblyErrors (0ms)
				InitializePlatformSupportModulesInManaged (5ms)
				SetLoadedEditorAssemblies (0ms)
				RefreshPlugins (0ms)
				BeforeProcessingInitializeOnLoad (43ms)
				ProcessInitializeOnLoadAttributes (243ms)
				ProcessInitializeOnLoadMethodAttributes (3ms)
				AfterProcessingInitializeOnLoad (5ms)
				EditorAssembliesLoaded (0ms)
			ExecutionOrderSort2 (0ms)
			AwakeInstancesAfterBackupRestoration (6ms)
Platform modules already initialized, skipping
Refreshing native plugins compatible for Editor in 0.27 ms, found 2 plugins.
Preloading 0 native plugins for Editor in 0.00 ms.
Unloading 1545 Unused Serialized files (Serialized files now loaded: 0)
System memory in use before: 73.0 MB.
System memory in use after: 73.1 MB.

Unloading 14 unused Assets to reduce memory usage. Loaded Objects now: 1995.
Total: 2.972800 ms (FindLiveObjects: 0.240100 ms CreateObjectMapping: 0.040800 ms MarkObjects: 2.675900 ms  DeleteObjects: 0.014900 ms)

AssetImportParameters requested are different than current active one (requested -> active):
  custom:framework-win-MediaFoundation: 216162199b28c13a410421893ffa2e32 -> 
  custom:video-decoder-ogg-theora: a1e56fd34408186e4bbccfd4996cb3dc -> 
  custom:container-muxer-webm: aa71ff27fc2769a1b78a27578f13a17b -> 
  custom:container-demuxer-webm: 4f35f7cbe854078d1ac9338744f61a02 -> 
  custom:container-demuxer-ogg: 62fdf1f143b41e24485cea50d1cbac27 -> 
  custom:video-encoder-webm-vp8: eb34c28f22e8b96e1ab97ce403110664 -> 
  custom:video-decoder-webm-vp8: 9c59270c3fd7afecdb556c50c9e8de78 -> 
  custom:audio-decoder-ogg-vorbis: bf7c407c2cedff20999df2af8eb42d56 -> 
  custom:audio-encoder-webm-vorbis: bf7c407c2cedff20999df2af8eb42d56 -> 
========================================================================
Received Import Request.
  Time since last request: 101.672762 seconds.
  path: Assets/Scripts/Building
  artifactKey: Guid(2100da2a1a1ed6f45888b375e51487f3) Importer(815301076,1909f56bfc062723c751e8b465ee728b)
Start importing Assets/Scripts/Building using Guid(2100da2a1a1ed6f45888b375e51487f3) Importer(815301076,1909f56bfc062723c751e8b465ee728b)  -> (artifact id: 'b2fcf250f7abb87b5c355b25c78b7546') in 0.007611 seconds 
  Import took 0.009846 seconds .

========================================================================
Received Import Request.
  Time since last request: 1.087161 seconds.
  path: Assets/Scripts/Building/Building.cs
  artifactKey: Guid(4c99630df90b41c4b9fa095f4907c73e) Importer(815301076,1909f56bfc062723c751e8b465ee728b)
Start importing Assets/Scripts/Building/Building.cs using Guid(4c99630df90b41c4b9fa095f4907c73e) Importer(815301076,1909f56bfc062723c751e8b465ee728b)  -> (artifact id: 'bebd6f87f5d9acf0a0772d85bec538f7') in 0.014912 seconds 
  Import took 0.017105 seconds .

========================================================================
Received Import Request.
  Time since last request: 221.211083 seconds.
  path: Assets/Scripts/Building/Building.cs
  artifactKey: Guid(4c99630df90b41c4b9fa095f4907c73e) Importer(815301076,1909f56bfc062723c751e8b465ee728b)
Start importing Assets/Scripts/Building/Building.cs using Guid(4c99630df90b41c4b9fa095f4907c73e) Importer(815301076,1909f56bfc062723c751e8b465ee728b)  -> (artifact id: '1599f8e8e38c2f9b963ba2174ed03c22') in 0.002514 seconds 
  Import took 0.006498 seconds .

========================================================================
Received Prepare
Registering precompiled user dll's ...
Registered in 0.003544 seconds.
Begin MonoManager ReloadAssembly
Native extension for WindowsStandalone target not found
Native extension for WebGL target not found
Refreshing native plugins compatible for Editor in 0.29 ms, found 2 plugins.
Preloading 0 native plugins for Editor in 0.00 ms.
Mono: successfully reloaded assembly
- Completed reload, in  0.894 seconds
Domain Reload Profiling:
	ReloadAssembly (894ms)
		BeginReloadAssembly (107ms)
			ExecutionOrderSort (0ms)
			DisableScriptedObjects (4ms)
			BackupInstance (0ms)
			ReleaseScriptingObjects (0ms)
			CreateAndSetChildDomain (29ms)
		EndReloadAssembly (734ms)
			LoadAssemblies (75ms)
			RebuildTransferFunctionScriptingTraits (0ms)
			SetupTypeCache (230ms)
			ReleaseScriptCaches (1ms)
			RebuildScriptCaches (36ms)
			SetupLoadedEditorAssemblies (315ms)
				LogAssemblyErrors (0ms)
				InitializePlatformSupportModulesInManaged (5ms)
				SetLoadedEditorAssemblies (0ms)
				RefreshPlugins (0ms)
				BeforeProcessingInitializeOnLoad (43ms)
				ProcessInitializeOnLoadAttributes (257ms)
				ProcessInitializeOnLoadMethodAttributes (3ms)
				AfterProcessingInitializeOnLoad (6ms)
				EditorAssembliesLoaded (0ms)
			ExecutionOrderSort2 (0ms)
			AwakeInstancesAfterBackupRestoration (6ms)
Platform modules already initialized, skipping
Refreshing native plugins compatible for Editor in 0.27 ms, found 2 plugins.
Preloading 0 native plugins for Editor in 0.00 ms.
Unloading 1545 Unused Serialized files (Serialized files now loaded: 0)
System memory in use before: 73.0 MB.
System memory in use after: 73.1 MB.

Unloading 14 unused Assets to reduce memory usage. Loaded Objects now: 1997.
Total: 2.607300 ms (FindLiveObjects: 0.145600 ms CreateObjectMapping: 0.039000 ms MarkObjects: 2.407300 ms  DeleteObjects: 0.014300 ms)

AssetImportParameters requested are different than current active one (requested -> active):
  custom:framework-win-MediaFoundation: 216162199b28c13a410421893ffa2e32 -> 
  custom:video-decoder-ogg-theora: a1e56fd34408186e4bbccfd4996cb3dc -> 
  custom:container-muxer-webm: aa71ff27fc2769a1b78a27578f13a17b -> 
  custom:container-demuxer-webm: 4f35f7cbe854078d1ac9338744f61a02 -> 
  custom:container-demuxer-ogg: 62fdf1f143b41e24485cea50d1cbac27 -> 
  custom:video-encoder-webm-vp8: eb34c28f22e8b96e1ab97ce403110664 -> 
  custom:video-decoder-webm-vp8: 9c59270c3fd7afecdb556c50c9e8de78 -> 
  custom:audio-decoder-ogg-vorbis: bf7c407c2cedff20999df2af8eb42d56 -> 
  custom:audio-encoder-webm-vorbis: bf7c407c2cedff20999df2af8eb42d56 -> 
========================================================================
Received Import Request.
  Time since last request: 5.755931 seconds.
  path: Assets/Scripts/Pickup/PickupRadius.cs
  artifactKey: Guid(7d1070272d4a02446b238f75290ed3ce) Importer(815301076,1909f56bfc062723c751e8b465ee728b)
Start importing Assets/Scripts/Pickup/PickupRadius.cs using Guid(7d1070272d4a02446b238f75290ed3ce) Importer(815301076,1909f56bfc062723c751e8b465ee728b)  -> (artifact id: 'fa2719ffccfbdd34ba54716224a959e5') in 0.007477 seconds 
  Import took 0.009859 seconds .

========================================================================
Received Import Request.
  Time since last request: 0.002084 seconds.
  path: Assets/Scripts/Pickup/PickupRadius.cs
  artifactKey: Guid(7d1070272d4a02446b238f75290ed3ce) Importer(815301076,1909f56bfc062723c751e8b465ee728b)
Start importing Assets/Scripts/Pickup/PickupRadius.cs using Guid(7d1070272d4a02446b238f75290ed3ce) Importer(815301076,1909f56bfc062723c751e8b465ee728b)  -> (artifact id: 'fa2719ffccfbdd34ba54716224a959e5') in 0.001795 seconds 
  Import took 0.004209 seconds .

========================================================================
Received Prepare
Registering precompiled user dll's ...
Registered in 0.004863 seconds.
Begin MonoManager ReloadAssembly
Native extension for WindowsStandalone target not found
Native extension for WebGL target not found
Refreshing native plugins compatible for Editor in 0.29 ms, found 2 plugins.
Preloading 0 native plugins for Editor in 0.00 ms.
Mono: successfully reloaded assembly
- Completed reload, in  0.948 seconds
Domain Reload Profiling:
	ReloadAssembly (949ms)
		BeginReloadAssembly (101ms)
			ExecutionOrderSort (0ms)
			DisableScriptedObjects (4ms)
			BackupInstance (0ms)
			ReleaseScriptingObjects (0ms)
			CreateAndSetChildDomain (27ms)
		EndReloadAssembly (787ms)
			LoadAssemblies (75ms)
			RebuildTransferFunctionScriptingTraits (0ms)
			SetupTypeCache (228ms)
			ReleaseScriptCaches (1ms)
			RebuildScriptCaches (37ms)
			SetupLoadedEditorAssemblies (357ms)
				LogAssemblyErrors (0ms)
				InitializePlatformSupportModulesInManaged (5ms)
				SetLoadedEditorAssemblies (0ms)
				RefreshPlugins (0ms)
				BeforeProcessingInitializeOnLoad (52ms)
				ProcessInitializeOnLoadAttributes (290ms)
				ProcessInitializeOnLoadMethodAttributes (3ms)
				AfterProcessingInitializeOnLoad (5ms)
				EditorAssembliesLoaded (0ms)
			ExecutionOrderSort2 (0ms)
			AwakeInstancesAfterBackupRestoration (6ms)
Platform modules already initialized, skipping
Refreshing native plugins compatible for Editor in 0.54 ms, found 2 plugins.
Preloading 0 native plugins for Editor in 0.00 ms.
Unloading 1544 Unused Serialized files (Serialized files now loaded: 0)
System memory in use before: 73.0 MB.
System memory in use after: 73.1 MB.

Unloading 15 unused Assets to reduce memory usage. Loaded Objects now: 1998.
Total: 3.010700 ms (FindLiveObjects: 0.153400 ms CreateObjectMapping: 0.041800 ms MarkObjects: 2.792100 ms  DeleteObjects: 0.022100 ms)

AssetImportParameters requested are different than current active one (requested -> active):
  custom:framework-win-MediaFoundation: 216162199b28c13a410421893ffa2e32 -> 
  custom:video-decoder-ogg-theora: a1e56fd34408186e4bbccfd4996cb3dc -> 
  custom:container-muxer-webm: aa71ff27fc2769a1b78a27578f13a17b -> 
  custom:container-demuxer-webm: 4f35f7cbe854078d1ac9338744f61a02 -> 
  custom:container-demuxer-ogg: 62fdf1f143b41e24485cea50d1cbac27 -> 
  custom:video-encoder-webm-vp8: eb34c28f22e8b96e1ab97ce403110664 -> 
  custom:video-decoder-webm-vp8: 9c59270c3fd7afecdb556c50c9e8de78 -> 
  custom:audio-decoder-ogg-vorbis: bf7c407c2cedff20999df2af8eb42d56 -> 
  custom:audio-encoder-webm-vorbis: bf7c407c2cedff20999df2af8eb42d56 -> 
========================================================================
Received Import Request.
  Time since last request: 397.582414 seconds.
  path: Assets/Prefabs/Car/Taxi.prefab
  artifactKey: Guid(1188992fea43e4040b546aa466db7035) Importer(815301076,1909f56bfc062723c751e8b465ee728b)
Start importing Assets/Prefabs/Car/Taxi.prefab using Guid(1188992fea43e4040b546aa466db7035) Importer(815301076,1909f56bfc062723c751e8b465ee728b)  -> (artifact id: '022399e9584d023223f80cf0f2eb22b9') in 0.070619 seconds 
  Import took 0.073398 seconds .

========================================================================
Received Import Request.
  Time since last request: 0.390604 seconds.
  path: Assets/Prefabs/Pickup/Drop-Off.prefab
  artifactKey: Guid(d4f9f03da529dd345abfd65ce50fc163) Importer(815301076,1909f56bfc062723c751e8b465ee728b)
Start importing Assets/Prefabs/Pickup/Drop-Off.prefab using Guid(d4f9f03da529dd345abfd65ce50fc163) Importer(815301076,1909f56bfc062723c751e8b465ee728b)  -> (artifact id: 'b32d125264b4d007ddc2bd28995d1cfb') in 0.054198 seconds 
  Import took 0.056521 seconds .

========================================================================
Received Import Request.
  Time since last request: 0.000610 seconds.
  path: Assets/Prefabs/Pickup/Particle.prefab
  artifactKey: Guid(00ee414c9922381469fa63d90fe1c6a1) Importer(815301076,1909f56bfc062723c751e8b465ee728b)
Start importing Assets/Prefabs/Pickup/Particle.prefab using Guid(00ee414c9922381469fa63d90fe1c6a1) Importer(815301076,1909f56bfc062723c751e8b465ee728b)  -> (artifact id: 'dec0b8fcba669c1372ac4e74feca6d94') in 0.079555 seconds 
  Import took 0.081675 seconds .

========================================================================
Received Import Request.
  Time since last request: 0.000533 seconds.
  path: Assets/Prefabs/Pickup/PickupRadius.prefab
  artifactKey: Guid(91d11a9608b3f5041ba460acf5d0524b) Importer(815301076,1909f56bfc062723c751e8b465ee728b)
Start importing Assets/Prefabs/Pickup/PickupRadius.prefab using Guid(91d11a9608b3f5041ba460acf5d0524b) Importer(815301076,1909f56bfc062723c751e8b465ee728b)  -> (artifact id: 'aa039cc244500d4d033221996ba26482') in 0.007544 seconds 
  Import took 0.009783 seconds .

========================================================================
Received Import Request.
  Time since last request: 0.000664 seconds.
  path: Assets/Prefabs/Pickup/Pickup.prefab
  artifactKey: Guid(6be148c8d1e517c42bbcf8c0a86b6e54) Importer(815301076,1909f56bfc062723c751e8b465ee728b)
Start importing Assets/Prefabs/Pickup/Pickup.prefab using Guid(6be148c8d1e517c42bbcf8c0a86b6e54) Importer(815301076,1909f56bfc062723c751e8b465ee728b)  -> (artifact id: 'f656a731e259ac273f23654b0672923e') in 0.014836 seconds 
  Import took 0.017417 seconds .

========================================================================
Received Import Request.
  Time since last request: 0.000609 seconds.
  path: Assets/Prefabs/Pickup/Waypoint.prefab
  artifactKey: Guid(e295a1df0a1885c4391337aeee821419) Importer(815301076,1909f56bfc062723c751e8b465ee728b)
Start importing Assets/Prefabs/Pickup/Waypoint.prefab using Guid(e295a1df0a1885c4391337aeee821419) Importer(815301076,1909f56bfc062723c751e8b465ee728b)  -> (artifact id: 'b2a8a5b07eff5992843a9219490b98fb') in 0.040947 seconds 
  Import took 0.043483 seconds .

========================================================================
Received Import Request.
  Time since last request: 12.962274 seconds.
  path: Assets/Prefabs/Customer
  artifactKey: Guid(315a27add0020954b8a70ffa428fda49) Importer(815301076,1909f56bfc062723c751e8b465ee728b)
Start importing Assets/Prefabs/Customer using Guid(315a27add0020954b8a70ffa428fda49) Importer(815301076,1909f56bfc062723c751e8b465ee728b)  -> (artifact id: '371cc23c8ae98c9499c5091bf3f7e210') in 0.005475 seconds 
  Import took 0.008127 seconds .

========================================================================
Received Import Request.
  Time since last request: 8.180881 seconds.
  path: Assets/Prefabs/Customers
  artifactKey: Guid(315a27add0020954b8a70ffa428fda49) Importer(815301076,1909f56bfc062723c751e8b465ee728b)
Start importing Assets/Prefabs/Customers using Guid(315a27add0020954b8a70ffa428fda49) Importer(815301076,1909f56bfc062723c751e8b465ee728b)  -> (artifact id: '2b86aeac105e2d5b2cd318268697acef') in 0.006397 seconds 
  Import took 0.009584 seconds .

========================================================================
Received Import Request.
  Time since last request: 70.556254 seconds.
  path: Assets/Prefabs/Customers/Customer.prefab
  artifactKey: Guid(159848e1e8c7cc74a808acec2e2fb58d) Importer(815301076,1909f56bfc062723c751e8b465ee728b)
Start importing Assets/Prefabs/Customers/Customer.prefab using Guid(159848e1e8c7cc74a808acec2e2fb58d) Importer(815301076,1909f56bfc062723c751e8b465ee728b)  -> (artifact id: '8d64257d8b6ea32cd55a66f98560d97b') in 0.028922 seconds 
  Import took 0.031399 seconds .

========================================================================
Received Import Request.
  Time since last request: 0.000958 seconds.
  path: Assets/Prefabs/Customers/Customer.prefab
  artifactKey: Guid(159848e1e8c7cc74a808acec2e2fb58d) Importer(815301076,1909f56bfc062723c751e8b465ee728b)
Start importing Assets/Prefabs/Customers/Customer.prefab using Guid(159848e1e8c7cc74a808acec2e2fb58d) Importer(815301076,1909f56bfc062723c751e8b465ee728b)  -> (artifact id: '8d64257d8b6ea32cd55a66f98560d97b') in 0.007196 seconds 
  Import took 0.009853 seconds .

========================================================================
Received Import Request.
  Time since last request: 13.805886 seconds.
  path: ProjectSettings/TagManager.asset
  artifactKey: Guid(00000000000000003000000000000000) Importer(815301076,1909f56bfc062723c751e8b465ee728b)
Start importing ProjectSettings/TagManager.asset using Guid(00000000000000003000000000000000) Importer(815301076,1909f56bfc062723c751e8b465ee728b)  -> (artifact id: 'b8c321f0ab6ca43e707de84da1932864') in 0.008596 seconds 
  Import took 0.011029 seconds .

========================================================================
Received Import Request.
  Time since last request: 13.854848 seconds.
  path: Assets/Prefabs/Customers/Customer.prefab
  artifactKey: Guid(159848e1e8c7cc74a808acec2e2fb58d) Importer(815301076,1909f56bfc062723c751e8b465ee728b)
Start importing Assets/Prefabs/Customers/Customer.prefab using Guid(159848e1e8c7cc74a808acec2e2fb58d) Importer(815301076,1909f56bfc062723c751e8b465ee728b)  -> (artifact id: '53173ae436890178040970fd324c5bff') in 0.007901 seconds 
  Import took 0.010613 seconds .

========================================================================
Received Import Request.
  Time since last request: 9.871748 seconds.
  path: Assets/Prefabs/Customers/Customer.prefab
  artifactKey: Guid(159848e1e8c7cc74a808acec2e2fb58d) Importer(815301076,1909f56bfc062723c751e8b465ee728b)
Start importing Assets/Prefabs/Customers/Customer.prefab using Guid(159848e1e8c7cc74a808acec2e2fb58d) Importer(815301076,1909f56bfc062723c751e8b465ee728b)  -> (artifact id: '85953b51032d46d2da34b84c54e313bc') in 0.007544 seconds 
  Import took 0.010488 seconds .

========================================================================
Received Import Request.
  Time since last request: 4.423913 seconds.
  path: Assets/Prefabs/Customers/Customer.prefab
  artifactKey: Guid(159848e1e8c7cc74a808acec2e2fb58d) Importer(815301076,1909f56bfc062723c751e8b465ee728b)
Start importing Assets/Prefabs/Customers/Customer.prefab using Guid(159848e1e8c7cc74a808acec2e2fb58d) Importer(815301076,1909f56bfc062723c751e8b465ee728b)  -> (artifact id: '39bf9ecad445487c153f0887628d2b1e') in 0.009328 seconds 
  Import took 0.011650 seconds .

========================================================================
Received Import Request.
  Time since last request: 5.038311 seconds.
  path: Assets/Prefabs/Customers/Customer.prefab
  artifactKey: Guid(159848e1e8c7cc74a808acec2e2fb58d) Importer(815301076,1909f56bfc062723c751e8b465ee728b)
Start importing Assets/Prefabs/Customers/Customer.prefab using Guid(159848e1e8c7cc74a808acec2e2fb58d) Importer(815301076,1909f56bfc062723c751e8b465ee728b)  -> (artifact id: 'dba2a622e11c28232edbcb3fdbcaecac') in 0.007968 seconds 
  Import took 0.011900 seconds .

========================================================================
Received Import Request.
  Time since last request: 15.140559 seconds.
  path: Assets/Scripts/Pickup
  artifactKey: Guid(ac96865a08e478441b8e81a969d88217) Importer(815301076,1909f56bfc062723c751e8b465ee728b)
Start importing Assets/Scripts/Pickup using Guid(ac96865a08e478441b8e81a969d88217) Importer(815301076,1909f56bfc062723c751e8b465ee728b)  -> (artifact id: 'e61d2766f21ed1aa33e6ccf4f00a82ae') in 0.002688 seconds 
  Import took 0.005721 seconds .

========================================================================
Received Import Request.
  Time since last request: 10.481852 seconds.
  path: Assets/Scripts/Customer
  artifactKey: Guid(6da58ccf34e25e849bff781a3bc2e5e4) Importer(815301076,1909f56bfc062723c751e8b465ee728b)
Start importing Assets/Scripts/Customer using Guid(6da58ccf34e25e849bff781a3bc2e5e4) Importer(815301076,1909f56bfc062723c751e8b465ee728b)  -> (artifact id: '07a4594f22a3057653d84bf5d17271bc') in 0.002334 seconds 
  Import took 0.004686 seconds .

========================================================================
Received Import Request.
  Time since last request: 11.752953 seconds.
  path: Assets/Scripts/Customer/Customer.cs
  artifactKey: Guid(fcd33f1dd5748b048b18f0fb28054759) Importer(815301076,1909f56bfc062723c751e8b465ee728b)
Start importing Assets/Scripts/Customer/Customer.cs using Guid(fcd33f1dd5748b048b18f0fb28054759) Importer(815301076,1909f56bfc062723c751e8b465ee728b)  -> (artifact id: '01918313e74fdf4996f93254c99197cf') in 0.002114 seconds 
  Import took 0.004371 seconds .

========================================================================
Received Prepare
Registering precompiled user dll's ...
Registered in 0.003389 seconds.
Begin MonoManager ReloadAssembly
Native extension for WindowsStandalone target not found
Native extension for WebGL target not found
Refreshing native plugins compatible for Editor in 0.29 ms, found 2 plugins.
Preloading 0 native plugins for Editor in 0.00 ms.
Mono: successfully reloaded assembly
- Completed reload, in  0.961 seconds
Domain Reload Profiling:
	ReloadAssembly (961ms)
		BeginReloadAssembly (112ms)
			ExecutionOrderSort (0ms)
			DisableScriptedObjects (4ms)
			BackupInstance (0ms)
			ReleaseScriptingObjects (0ms)
			CreateAndSetChildDomain (30ms)
		EndReloadAssembly (777ms)
			LoadAssemblies (95ms)
			RebuildTransferFunctionScriptingTraits (0ms)
			SetupTypeCache (263ms)
			ReleaseScriptCaches (2ms)
			RebuildScriptCaches (38ms)
			SetupLoadedEditorAssemblies (312ms)
				LogAssemblyErrors (0ms)
				InitializePlatformSupportModulesInManaged (5ms)
				SetLoadedEditorAssemblies (0ms)
				RefreshPlugins (0ms)
				BeforeProcessingInitializeOnLoad (46ms)
				ProcessInitializeOnLoadAttributes (252ms)
				ProcessInitializeOnLoadMethodAttributes (3ms)
				AfterProcessingInitializeOnLoad (5ms)
				EditorAssembliesLoaded (0ms)
			ExecutionOrderSort2 (0ms)
			AwakeInstancesAfterBackupRestoration (6ms)
Platform modules already initialized, skipping
Refreshing native plugins compatible for Editor in 0.28 ms, found 2 plugins.
Preloading 0 native plugins for Editor in 0.00 ms.
Unloading 1545 Unused Serialized files (Serialized files now loaded: 0)
System memory in use before: 73.3 MB.
System memory in use after: 73.4 MB.

Unloading 18 unused Assets to reduce memory usage. Loaded Objects now: 2005.
Total: 2.724800 ms (FindLiveObjects: 0.150800 ms CreateObjectMapping: 0.039300 ms MarkObjects: 2.498200 ms  DeleteObjects: 0.035500 ms)

AssetImportParameters requested are different than current active one (requested -> active):
  custom:framework-win-MediaFoundation: 216162199b28c13a410421893ffa2e32 -> 
  custom:video-decoder-ogg-theora: a1e56fd34408186e4bbccfd4996cb3dc -> 
  custom:container-muxer-webm: aa71ff27fc2769a1b78a27578f13a17b -> 
  custom:container-demuxer-webm: 4f35f7cbe854078d1ac9338744f61a02 -> 
  custom:container-demuxer-ogg: 62fdf1f143b41e24485cea50d1cbac27 -> 
  custom:video-encoder-webm-vp8: eb34c28f22e8b96e1ab97ce403110664 -> 
  custom:video-decoder-webm-vp8: 9c59270c3fd7afecdb556c50c9e8de78 -> 
  custom:audio-decoder-ogg-vorbis: bf7c407c2cedff20999df2af8eb42d56 -> 
  custom:audio-encoder-webm-vorbis: bf7c407c2cedff20999df2af8eb42d56 -> 
========================================================================
Received Prepare
Registering precompiled user dll's ...
Registered in 0.003595 seconds.
Begin MonoManager ReloadAssembly
Native extension for WindowsStandalone target not found
Native extension for WebGL target not found
Refreshing native plugins compatible for Editor in 0.28 ms, found 2 plugins.
Preloading 0 native plugins for Editor in 0.00 ms.
Mono: successfully reloaded assembly
- Completed reload, in  0.860 seconds
Domain Reload Profiling:
	ReloadAssembly (861ms)
		BeginReloadAssembly (95ms)
			ExecutionOrderSort (0ms)
			DisableScriptedObjects (4ms)
			BackupInstance (0ms)
			ReleaseScriptingObjects (0ms)
			CreateAndSetChildDomain (27ms)
		EndReloadAssembly (714ms)
			LoadAssemblies (73ms)
			RebuildTransferFunctionScriptingTraits (0ms)
			SetupTypeCache (222ms)
			ReleaseScriptCaches (1ms)
			RebuildScriptCaches (34ms)
			SetupLoadedEditorAssemblies (307ms)
				LogAssemblyErrors (0ms)
				InitializePlatformSupportModulesInManaged (5ms)
				SetLoadedEditorAssemblies (0ms)
				RefreshPlugins (0ms)
				BeforeProcessingInitializeOnLoad (42ms)
				ProcessInitializeOnLoadAttributes (251ms)
				ProcessInitializeOnLoadMethodAttributes (3ms)
				AfterProcessingInitializeOnLoad (5ms)
				EditorAssembliesLoaded (0ms)
			ExecutionOrderSort2 (0ms)
			AwakeInstancesAfterBackupRestoration (6ms)
Platform modules already initialized, skipping
Refreshing native plugins compatible for Editor in 0.28 ms, found 2 plugins.
Preloading 0 native plugins for Editor in 0.00 ms.
Unloading 1545 Unused Serialized files (Serialized files now loaded: 0)
System memory in use before: 73.3 MB.
System memory in use after: 73.4 MB.

Unloading 14 unused Assets to reduce memory usage. Loaded Objects now: 2007.
Total: 2.809900 ms (FindLiveObjects: 0.249900 ms CreateObjectMapping: 0.047100 ms MarkObjects: 2.496500 ms  DeleteObjects: 0.015600 ms)

AssetImportParameters requested are different than current active one (requested -> active):
  custom:framework-win-MediaFoundation: 216162199b28c13a410421893ffa2e32 -> 
  custom:video-decoder-ogg-theora: a1e56fd34408186e4bbccfd4996cb3dc -> 
  custom:container-muxer-webm: aa71ff27fc2769a1b78a27578f13a17b -> 
  custom:container-demuxer-webm: 4f35f7cbe854078d1ac9338744f61a02 -> 
  custom:container-demuxer-ogg: 62fdf1f143b41e24485cea50d1cbac27 -> 
  custom:video-encoder-webm-vp8: eb34c28f22e8b96e1ab97ce403110664 -> 
  custom:video-decoder-webm-vp8: 9c59270c3fd7afecdb556c50c9e8de78 -> 
  custom:audio-decoder-ogg-vorbis: bf7c407c2cedff20999df2af8eb42d56 -> 
  custom:audio-encoder-webm-vorbis: bf7c407c2cedff20999df2af8eb42d56 -> 
========================================================================
Received Prepare
Registering precompiled user dll's ...
Registered in 0.003543 seconds.
Begin MonoManager ReloadAssembly
Native extension for WindowsStandalone target not found
Native extension for WebGL target not found
Refreshing native plugins compatible for Editor in 0.31 ms, found 2 plugins.
Preloading 0 native plugins for Editor in 0.00 ms.
Mono: successfully reloaded assembly
- Completed reload, in  0.995 seconds
Domain Reload Profiling:
	ReloadAssembly (996ms)
		BeginReloadAssembly (110ms)
			ExecutionOrderSort (0ms)
			DisableScriptedObjects (6ms)
			BackupInstance (0ms)
			ReleaseScriptingObjects (0ms)
			CreateAndSetChildDomain (35ms)
		EndReloadAssembly (821ms)
			LoadAssemblies (85ms)
			RebuildTransferFunctionScriptingTraits (0ms)
			SetupTypeCache (247ms)
			ReleaseScriptCaches (1ms)
			RebuildScriptCaches (42ms)
			SetupLoadedEditorAssemblies (339ms)
				LogAssemblyErrors (0ms)
				InitializePlatformSupportModulesInManaged (5ms)
				SetLoadedEditorAssemblies (0ms)
				RefreshPlugins (0ms)
				BeforeProcessingInitializeOnLoad (58ms)
				ProcessInitializeOnLoadAttributes (267ms)
				ProcessInitializeOnLoadMethodAttributes (3ms)
				AfterProcessingInitializeOnLoad (5ms)
				EditorAssembliesLoaded (0ms)
			ExecutionOrderSort2 (0ms)
			AwakeInstancesAfterBackupRestoration (6ms)
Platform modules already initialized, skipping
Refreshing native plugins compatible for Editor in 0.29 ms, found 2 plugins.
Preloading 0 native plugins for Editor in 0.00 ms.
Unloading 1546 Unused Serialized files (Serialized files now loaded: 0)
System memory in use before: 73.3 MB.
System memory in use after: 73.4 MB.

Unloading 14 unused Assets to reduce memory usage. Loaded Objects now: 2010.
Total: 2.683700 ms (FindLiveObjects: 0.234400 ms CreateObjectMapping: 0.084700 ms MarkObjects: 2.343400 ms  DeleteObjects: 0.019300 ms)

AssetImportParameters requested are different than current active one (requested -> active):
  custom:framework-win-MediaFoundation: 216162199b28c13a410421893ffa2e32 -> 
  custom:video-decoder-ogg-theora: a1e56fd34408186e4bbccfd4996cb3dc -> 
  custom:container-muxer-webm: aa71ff27fc2769a1b78a27578f13a17b -> 
  custom:container-demuxer-webm: 4f35f7cbe854078d1ac9338744f61a02 -> 
  custom:container-demuxer-ogg: 62fdf1f143b41e24485cea50d1cbac27 -> 
  custom:video-encoder-webm-vp8: eb34c28f22e8b96e1ab97ce403110664 -> 
  custom:video-decoder-webm-vp8: 9c59270c3fd7afecdb556c50c9e8de78 -> 
  custom:audio-decoder-ogg-vorbis: bf7c407c2cedff20999df2af8eb42d56 -> 
  custom:audio-encoder-webm-vorbis: bf7c407c2cedff20999df2af8eb42d56 -> 
========================================================================
Received Import Request.
  Time since last request: 134.779393 seconds.
  path: Assets/Scripts/Pickup/OrderHandeler.cs
  artifactKey: Guid(e5065a8b0768a6b4d9c7ee0c7a977141) Importer(815301076,1909f56bfc062723c751e8b465ee728b)
Start importing Assets/Scripts/Pickup/OrderHandeler.cs using Guid(e5065a8b0768a6b4d9c7ee0c7a977141) Importer(815301076,1909f56bfc062723c751e8b465ee728b)  -> (artifact id: '4acdbbe439251cdcbaf4e3865cebc35f') in 0.007191 seconds 
  Import took 0.009444 seconds .

========================================================================
Received Prepare
Registering precompiled user dll's ...
Registered in 0.003497 seconds.
Begin MonoManager ReloadAssembly
Native extension for WindowsStandalone target not found
Native extension for WebGL target not found
Refreshing native plugins compatible for Editor in 0.28 ms, found 2 plugins.
Preloading 0 native plugins for Editor in 0.00 ms.
Mono: successfully reloaded assembly
- Completed reload, in  0.917 seconds
Domain Reload Profiling:
	ReloadAssembly (917ms)
		BeginReloadAssembly (110ms)
			ExecutionOrderSort (0ms)
			DisableScriptedObjects (4ms)
			BackupInstance (0ms)
			ReleaseScriptingObjects (0ms)
			CreateAndSetChildDomain (26ms)
		EndReloadAssembly (750ms)
			LoadAssemblies (82ms)
			RebuildTransferFunctionScriptingTraits (0ms)
			SetupTypeCache (237ms)
			ReleaseScriptCaches (1ms)
			RebuildScriptCaches (37ms)
			SetupLoadedEditorAssemblies (325ms)
				LogAssemblyErrors (0ms)
				InitializePlatformSupportModulesInManaged (5ms)
				SetLoadedEditorAssemblies (0ms)
				RefreshPlugins (0ms)
				BeforeProcessingInitializeOnLoad (43ms)
				ProcessInitializeOnLoadAttributes (268ms)
				ProcessInitializeOnLoadMethodAttributes (3ms)
				AfterProcessingInitializeOnLoad (5ms)
				EditorAssembliesLoaded (0ms)
			ExecutionOrderSort2 (0ms)
			AwakeInstancesAfterBackupRestoration (6ms)
Platform modules already initialized, skipping
Refreshing native plugins compatible for Editor in 0.32 ms, found 2 plugins.
Preloading 0 native plugins for Editor in 0.00 ms.
Unloading 1546 Unused Serialized files (Serialized files now loaded: 0)
System memory in use before: 73.3 MB.
System memory in use after: 73.4 MB.

Unloading 14 unused Assets to reduce memory usage. Loaded Objects now: 2012.
Total: 2.609000 ms (FindLiveObjects: 0.125200 ms CreateObjectMapping: 0.038600 ms MarkObjects: 2.429300 ms  DeleteObjects: 0.014900 ms)

AssetImportParameters requested are different than current active one (requested -> active):
  custom:framework-win-MediaFoundation: 216162199b28c13a410421893ffa2e32 -> 
  custom:video-decoder-ogg-theora: a1e56fd34408186e4bbccfd4996cb3dc -> 
  custom:container-muxer-webm: aa71ff27fc2769a1b78a27578f13a17b -> 
  custom:container-demuxer-webm: 4f35f7cbe854078d1ac9338744f61a02 -> 
  custom:container-demuxer-ogg: 62fdf1f143b41e24485cea50d1cbac27 -> 
  custom:video-encoder-webm-vp8: eb34c28f22e8b96e1ab97ce403110664 -> 
  custom:video-decoder-webm-vp8: 9c59270c3fd7afecdb556c50c9e8de78 -> 
  custom:audio-decoder-ogg-vorbis: bf7c407c2cedff20999df2af8eb42d56 -> 
  custom:audio-encoder-webm-vorbis: bf7c407c2cedff20999df2af8eb42d56 -> 
========================================================================
Received Prepare
Registering precompiled user dll's ...
Registered in 0.003412 seconds.
Begin MonoManager ReloadAssembly
Native extension for WindowsStandalone target not found
Native extension for WebGL target not found
Refreshing native plugins compatible for Editor in 0.29 ms, found 2 plugins.
Preloading 0 native plugins for Editor in 0.00 ms.
Mono: successfully reloaded assembly
- Completed reload, in  0.861 seconds
Domain Reload Profiling:
	ReloadAssembly (862ms)
		BeginReloadAssembly (95ms)
			ExecutionOrderSort (0ms)
			DisableScriptedObjects (6ms)
			BackupInstance (0ms)
			ReleaseScriptingObjects (0ms)
			CreateAndSetChildDomain (28ms)
		EndReloadAssembly (713ms)
			LoadAssemblies (73ms)
			RebuildTransferFunctionScriptingTraits (0ms)
			SetupTypeCache (223ms)
			ReleaseScriptCaches (1ms)
			RebuildScriptCaches (35ms)
			SetupLoadedEditorAssemblies (306ms)
				LogAssemblyErrors (0ms)
				InitializePlatformSupportModulesInManaged (5ms)
				SetLoadedEditorAssemblies (0ms)
				RefreshPlugins (0ms)
				BeforeProcessingInitializeOnLoad (42ms)
				ProcessInitializeOnLoadAttributes (250ms)
				ProcessInitializeOnLoadMethodAttributes (3ms)
				AfterProcessingInitializeOnLoad (5ms)
				EditorAssembliesLoaded (0ms)
			ExecutionOrderSort2 (0ms)
			AwakeInstancesAfterBackupRestoration (6ms)
Platform modules already initialized, skipping
Refreshing native plugins compatible for Editor in 0.27 ms, found 2 plugins.
Preloading 0 native plugins for Editor in 0.00 ms.
Unloading 1546 Unused Serialized files (Serialized files now loaded: 0)
System memory in use before: 73.3 MB.
System memory in use after: 73.4 MB.

Unloading 14 unused Assets to reduce memory usage. Loaded Objects now: 2014.
Total: 2.682900 ms (FindLiveObjects: 0.145400 ms CreateObjectMapping: 0.044100 ms MarkObjects: 2.477200 ms  DeleteObjects: 0.015200 ms)

AssetImportParameters requested are different than current active one (requested -> active):
  custom:framework-win-MediaFoundation: 216162199b28c13a410421893ffa2e32 -> 
  custom:video-decoder-ogg-theora: a1e56fd34408186e4bbccfd4996cb3dc -> 
  custom:container-muxer-webm: aa71ff27fc2769a1b78a27578f13a17b -> 
  custom:container-demuxer-webm: 4f35f7cbe854078d1ac9338744f61a02 -> 
  custom:container-demuxer-ogg: 62fdf1f143b41e24485cea50d1cbac27 -> 
  custom:video-encoder-webm-vp8: eb34c28f22e8b96e1ab97ce403110664 -> 
  custom:video-decoder-webm-vp8: 9c59270c3fd7afecdb556c50c9e8de78 -> 
  custom:audio-decoder-ogg-vorbis: bf7c407c2cedff20999df2af8eb42d56 -> 
  custom:audio-encoder-webm-vorbis: bf7c407c2cedff20999df2af8eb42d56 -> 
AssetImportWorkerClient::OnTransportError - code=2 error=End of file
