Using pre-set license
Built from '2020.3/staging' branch; Version is '2020.3.16f1 (049d6eca3c44) revision 302446'; Using compiler version '192528614'; Build Type 'Release'
OS: 'Windows 10 Home; OS build 19043.1288; Version 2009; 64bit' Language: 'en' Physical Memory: 16335 MB
BatchMode: 1, IsHumanControllingUs: 0, StartBugReporterOnCrash: 0, Is64bit: 1, IsPro: 0

 COMMAND LINE ARGUMENTS:
C:\Program Files\Unity\Hub\Editor\2020.3.16f1\Editor\Unity.exe
-adb2
-batchMode
-noUpm
-name
AssetImportWorker0
-projectPath
C:/Users/Brian/Documents/Projects/delivery-dash/Delivery Dash
-logFile
Logs/AssetImportWorker0.log
-srvPort
64198
Successfully changed project path to: C:/Users/Brian/Documents/Projects/delivery-dash/Delivery Dash
C:/Users/Brian/Documents/Projects/delivery-dash/Delivery Dash
Using Asset Import Pipeline V2.
Refreshing native plugins compatible for Editor in 40.67 ms, found 2 plugins.
Preloading 0 native plugins for Editor in 0.00 ms.
Initialize engine version: 2020.3.16f1 (049d6eca3c44)
[Subsystems] Discovering subsystems at path C:/Program Files/Unity/Hub/Editor/2020.3.16f1/Editor/Data/Resources/UnitySubsystems
[Subsystems] Discovering subsystems at path C:/Users/Brian/Documents/Projects/delivery-dash/Delivery Dash/Assets
GfxDevice: creating device client; threaded=0
Direct3D:
    Version:  Direct3D 11.0 [level 11.0]
    Renderer: NVIDIA GeForce GT 710 (ID=0x128b)
    Vendor:   
    VRAM:     984 MB
    Driver:   27.21.14.5671
Initialize mono
Mono path[0] = 'C:/Program Files/Unity/Hub/Editor/2020.3.16f1/Editor/Data/Managed'
Mono path[1] = 'C:/Program Files/Unity/Hub/Editor/2020.3.16f1/Editor/Data/MonoBleedingEdge/lib/mono/unityjit'
Mono config path = 'C:/Program Files/Unity/Hub/Editor/2020.3.16f1/Editor/Data/MonoBleedingEdge/etc'
Using monoOptions --debugger-agent=transport=dt_socket,embedding=1,server=y,suspend=n,address=127.0.0.1:56764
Begin MonoManager ReloadAssembly
Registering precompiled unity dll's ...
Register platform support module: C:/Program Files/Unity/Hub/Editor/2020.3.16f1/Editor/Data/PlaybackEngines/WindowsStandaloneSupport/UnityEditor.WindowsStandalone.Extensions.dll
Registered in 0.003636 seconds.
Native extension for WindowsStandalone target not found
Refreshing native plugins compatible for Editor in 37.27 ms, found 2 plugins.
Preloading 0 native plugins for Editor in 0.00 ms.
Mono: successfully reloaded assembly
- Completed reload, in  1.461 seconds
Domain Reload Profiling:
	ReloadAssembly (1461ms)
		BeginReloadAssembly (71ms)
			ExecutionOrderSort (0ms)
			DisableScriptedObjects (0ms)
			BackupInstance (0ms)
			ReleaseScriptingObjects (0ms)
			CreateAndSetChildDomain (1ms)
		EndReloadAssembly (437ms)
			LoadAssemblies (68ms)
			RebuildTransferFunctionScriptingTraits (0ms)
			SetupTypeCache (155ms)
			ReleaseScriptCaches (0ms)
			RebuildScriptCaches (29ms)
			SetupLoadedEditorAssemblies (172ms)
				LogAssemblyErrors (0ms)
				InitializePlatformSupportModulesInManaged (4ms)
				SetLoadedEditorAssemblies (0ms)
				RefreshPlugins (37ms)
				BeforeProcessingInitializeOnLoad (18ms)
				ProcessInitializeOnLoadAttributes (82ms)
				ProcessInitializeOnLoadMethodAttributes (29ms)
				AfterProcessingInitializeOnLoad (0ms)
				EditorAssembliesLoaded (0ms)
			ExecutionOrderSort2 (0ms)
			AwakeInstancesAfterBackupRestoration (0ms)
Platform modules already initialized, skipping
Registering precompiled user dll's ...
Registered in 0.006168 seconds.
Begin MonoManager ReloadAssembly
Native extension for WindowsStandalone target not found
Refreshing native plugins compatible for Editor in 0.41 ms, found 2 plugins.
Preloading 0 native plugins for Editor in 0.00 ms.
Mono: successfully reloaded assembly
- Completed reload, in  1.222 seconds
Domain Reload Profiling:
	ReloadAssembly (1223ms)
		BeginReloadAssembly (162ms)
			ExecutionOrderSort (0ms)
			DisableScriptedObjects (5ms)
			BackupInstance (0ms)
			ReleaseScriptingObjects (0ms)
			CreateAndSetChildDomain (21ms)
		EndReloadAssembly (989ms)
			LoadAssemblies (101ms)
			RebuildTransferFunctionScriptingTraits (0ms)
			SetupTypeCache (295ms)
			ReleaseScriptCaches (0ms)
			RebuildScriptCaches (52ms)
			SetupLoadedEditorAssemblies (445ms)
				LogAssemblyErrors (0ms)
				InitializePlatformSupportModulesInManaged (5ms)
				SetLoadedEditorAssemblies (0ms)
				RefreshPlugins (0ms)
				BeforeProcessingInitializeOnLoad (89ms)
				ProcessInitializeOnLoadAttributes (335ms)
				ProcessInitializeOnLoadMethodAttributes (4ms)
				AfterProcessingInitializeOnLoad (10ms)
				EditorAssembliesLoaded (0ms)
			ExecutionOrderSort2 (0ms)
			AwakeInstancesAfterBackupRestoration (7ms)
Platform modules already initialized, skipping
========================================================================
Worker process is ready to serve import requests
Launched and connected shader compiler UnityShaderCompiler.exe after 0.06 seconds
Refreshing native plugins compatible for Editor in 0.42 ms, found 2 plugins.
Preloading 0 native plugins for Editor in 0.00 ms.
Unloading 1601 Unused Serialized files (Serialized files now loaded: 0)
System memory in use before: 144.8 MB.
System memory in use after: 144.9 MB.

Unloading 19 unused Assets to reduce memory usage. Loaded Objects now: 2040.
Total: 3.056400 ms (FindLiveObjects: 0.173500 ms CreateObjectMapping: 0.037800 ms MarkObjects: 2.778200 ms  DeleteObjects: 0.066000 ms)

AssetImportParameters requested are different than current active one (requested -> active):
  custom:framework-win-MediaFoundation: 216162199b28c13a410421893ffa2e32 -> 
  custom:video-decoder-ogg-theora: a1e56fd34408186e4bbccfd4996cb3dc -> 
  custom:container-muxer-webm: aa71ff27fc2769a1b78a27578f13a17b -> 
  custom:container-demuxer-webm: 4f35f7cbe854078d1ac9338744f61a02 -> 
  custom:container-demuxer-ogg: 62fdf1f143b41e24485cea50d1cbac27 -> 
  custom:video-encoder-webm-vp8: eb34c28f22e8b96e1ab97ce403110664 -> 
  custom:video-decoder-webm-vp8: 9c59270c3fd7afecdb556c50c9e8de78 -> 
  custom:audio-decoder-ogg-vorbis: bf7c407c2cedff20999df2af8eb42d56 -> 
  custom:audio-encoder-webm-vorbis: bf7c407c2cedff20999df2af8eb42d56 -> 
========================================================================
Received Import Request.
  path: Assets/Prefabs/Buildings/Skyscraper_F.prefab
  artifactKey: Guid(fb3a8f08efa7b2e44acf36544c820c93) Importer(815301076,1909f56bfc062723c751e8b465ee728b)
Start importing Assets/Prefabs/Buildings/Skyscraper_F.prefab using Guid(fb3a8f08efa7b2e44acf36544c820c93) Importer(815301076,1909f56bfc062723c751e8b465ee728b)  -> (artifact id: 'c91930c7698855e7e8b8e410ec0f2e20') in 0.093870 seconds 
  Import took 0.096628 seconds .

========================================================================
Received Import Request.
  Time since last request: 2.125987 seconds.
  path: Assets/Prefabs/Buildings/Skyscraper_F.prefab
  artifactKey: Guid(fb3a8f08efa7b2e44acf36544c820c93) Importer(815301076,1909f56bfc062723c751e8b465ee728b)
Start importing Assets/Prefabs/Buildings/Skyscraper_F.prefab using Guid(fb3a8f08efa7b2e44acf36544c820c93) Importer(815301076,1909f56bfc062723c751e8b465ee728b)  -> (artifact id: '1ebab74a6dfe9424cc7b04f3ad856f13') in 0.022008 seconds 
  Import took 0.024821 seconds .

========================================================================
Received Import Request.
  Time since last request: 994.706429 seconds.
  path: Assets/Prefabs/Buildings/Skyscraper_D.prefab
  artifactKey: Guid(bcb894713ce9de34eb261bf73312ca61) Importer(815301076,1909f56bfc062723c751e8b465ee728b)
Start importing Assets/Prefabs/Buildings/Skyscraper_D.prefab using Guid(bcb894713ce9de34eb261bf73312ca61) Importer(815301076,1909f56bfc062723c751e8b465ee728b)  -> (artifact id: 'b1503f151a8d14f052d8ad08e01446fd') in 0.021828 seconds 
  Import took 0.025290 seconds .

========================================================================
Received Import Request.
  Time since last request: 0.002626 seconds.
  path: Assets/Prefabs/Buildings/Skyscraper_D.prefab
  artifactKey: Guid(bcb894713ce9de34eb261bf73312ca61) Importer(815301076,1909f56bfc062723c751e8b465ee728b)
Start importing Assets/Prefabs/Buildings/Skyscraper_D.prefab using Guid(bcb894713ce9de34eb261bf73312ca61) Importer(815301076,1909f56bfc062723c751e8b465ee728b)  -> (artifact id: 'b1503f151a8d14f052d8ad08e01446fd') in 0.012662 seconds 
  Import took 0.015189 seconds .

========================================================================
Received Import Request.
  Time since last request: 8.300856 seconds.
  path: Assets/Prefabs/Buildings/Skyscraper_D.prefab
  artifactKey: Guid(bcb894713ce9de34eb261bf73312ca61) Importer(815301076,1909f56bfc062723c751e8b465ee728b)
Start importing Assets/Prefabs/Buildings/Skyscraper_D.prefab using Guid(bcb894713ce9de34eb261bf73312ca61) Importer(815301076,1909f56bfc062723c751e8b465ee728b)  -> (artifact id: '882bfe736e154edc3cf0214e7d062394') in 0.018596 seconds 
  Import took 0.021389 seconds .

========================================================================
Received Import Request.
  Time since last request: 127.156320 seconds.
  path: Assets/Prefabs/Buildings/Building_B (Small).prefab
  artifactKey: Guid(668598b9146553540b4bd1a5f3cb713e) Importer(815301076,1909f56bfc062723c751e8b465ee728b)
Start importing Assets/Prefabs/Buildings/Building_B (Small).prefab using Guid(668598b9146553540b4bd1a5f3cb713e) Importer(815301076,1909f56bfc062723c751e8b465ee728b)  -> (artifact id: 'c38eee91010ea85ef7d0a1751efa4b60') in 0.020072 seconds 
  Import took 0.023214 seconds .

========================================================================
Received Import Request.
  Time since last request: 0.003764 seconds.
  path: Assets/Prefabs/Buildings/Building_B (Small).prefab
  artifactKey: Guid(668598b9146553540b4bd1a5f3cb713e) Importer(815301076,1909f56bfc062723c751e8b465ee728b)
Start importing Assets/Prefabs/Buildings/Building_B (Small).prefab using Guid(668598b9146553540b4bd1a5f3cb713e) Importer(815301076,1909f56bfc062723c751e8b465ee728b)  -> (artifact id: 'c38eee91010ea85ef7d0a1751efa4b60') in 0.009975 seconds 
  Import took 0.012690 seconds .

AssetImportWorkerClient::OnTransportError - code=2 error=End of file
